<?xml version="1.0" encoding="UTF-8"?>
<!-- Generated by org.testng.reporters.JUnitReportReporter -->
<testsuite skipped="0" hostname="ip-172-31-80-188" name="restAPI.GetRequestWithParam" tests="1" failures="0" timestamp="30 Nov 2021 07:06:45 GMT" time="1.718" errors="0">
  <testcase name="GetCall" time="1.718" classname="restAPI.GetRequestWithParam"/>
</testsuite> <!-- restAPI.GetRequestWithParam -->
