<?xml version="1.0" encoding="UTF-8"?>
<!-- Generated by org.testng.reporters.JUnitReportReporter -->
<testsuite skipped="0" hostname="ip-172-31-80-188" name="restAPI.DeleteCall" tests="1" failures="0" timestamp="02 Dec 2021 05:22:05 GMT" time="1.077" errors="0">
  <testcase name="DeleteCall" time="1.077" classname="restAPI.DeleteCall"/>
</testsuite> <!-- restAPI.DeleteCall -->
